2025-01-22 18:56:53,240 - INFO - Using device: cuda
2025-01-22 18:56:53,241 - INFO - Initializing DRDataGenerator with data_dir: /home/kasinadhsarma/dr-detection/backend/train
2025-01-22 18:56:53,245 - INFO - Loaded labels_df:         filename  label
0   10_left.jpeg      0
1  10_right.jpeg      0
2   13_left.jpeg      1
3  13_right.jpeg      1
4   15_left.jpeg      2
2025-01-22 18:56:53,251 - INFO - Added image 10_left.jpeg with label 0
2025-01-22 18:56:53,251 - INFO - Added image 10_right.jpeg with label 0
2025-01-22 18:56:53,251 - INFO - Added image 13_left.jpeg with label 1
2025-01-22 18:56:53,251 - INFO - Added image 13_right.jpeg with label 1
2025-01-22 18:56:53,252 - INFO - Added image 15_left.jpeg with label 2
2025-01-22 18:56:53,252 - INFO - Added image 15_right.jpeg with label 2
2025-01-22 18:56:53,252 - INFO - Added image 16_left.jpeg with label 3
2025-01-22 18:56:53,252 - INFO - Added image 16_right.jpeg with label 3
2025-01-22 18:56:53,252 - INFO - Added image 17_left.jpeg with label 4
2025-01-22 18:56:53,252 - INFO - Added image 17_right.jpeg with label 4
2025-01-22 18:56:53,252 - INFO - Found 10 valid images
2025-01-22 18:56:53,253 - INFO - Label distribution:
0    2
1    2
2    2
3    2
4    2
Name: count, dtype: int64
2025-01-22 18:56:54,018 - ERROR - Error accessing index 10: Index 10 out of bounds for dataset of size 10
2025-01-22 18:56:56,487 - INFO - Epoch 1/100: Train Loss: 1.6183, Train Acc: 50.00%, Val Loss: 1.7134, Val Acc: 0.00%, LR: 0.000013
2025-01-22 18:56:57,750 - INFO - Epoch 2/100: Train Loss: 1.5056, Train Acc: 37.50%, Val Loss: 1.6423, Val Acc: 0.00%, LR: 0.000015
2025-01-22 18:56:59,068 - INFO - Epoch 3/100: Train Loss: 1.3639, Train Acc: 50.00%, Val Loss: 1.6393, Val Acc: 0.00%, LR: 0.000020
2025-01-22 18:57:00,354 - INFO - Epoch 4/100: Train Loss: 1.1552, Train Acc: 62.50%, Val Loss: 1.6625, Val Acc: 0.00%, LR: 0.000025
2025-01-22 18:57:01,829 - INFO - Epoch 5/100: Train Loss: 1.2785, Train Acc: 37.50%, Val Loss: 1.7045, Val Acc: 0.00%, LR: 0.000033
2025-01-22 18:57:03,186 - INFO - Epoch 6/100: Train Loss: 1.0899, Train Acc: 62.50%, Val Loss: 1.6179, Val Acc: 0.00%, LR: 0.000041
2025-01-22 18:57:04,537 - INFO - Epoch 7/100: Train Loss: 0.8639, Train Acc: 87.50%, Val Loss: 1.5881, Val Acc: 0.00%, LR: 0.000051
2025-01-22 18:57:05,844 - INFO - Epoch 8/100: Train Loss: 0.8604, Train Acc: 87.50%, Val Loss: 1.5727, Val Acc: 0.00%, LR: 0.000063
2025-01-22 18:57:07,241 - INFO - Epoch 9/100: Train Loss: 0.5503, Train Acc: 100.00%, Val Loss: 1.5403, Val Acc: 50.00%, LR: 0.000075
2025-01-22 18:57:10,198 - INFO - Saved new best model with validation accuracy: 50.00%
2025-01-22 18:57:11,563 - INFO - Epoch 10/100: Train Loss: 0.4400, Train Acc: 100.00%, Val Loss: 1.6008, Val Acc: 0.00%, LR: 0.000089
2025-01-22 18:57:12,847 - INFO - Epoch 11/100: Train Loss: 0.2516, Train Acc: 100.00%, Val Loss: 1.3280, Val Acc: 50.00%, LR: 0.000103
2025-01-22 18:57:14,131 - INFO - Epoch 12/100: Train Loss: 0.1844, Train Acc: 100.00%, Val Loss: 1.3772, Val Acc: 100.00%, LR: 0.000117
2025-01-22 18:57:16,767 - INFO - Saved new best model with validation accuracy: 100.00%
2025-01-22 18:57:18,121 - INFO - Epoch 13/100: Train Loss: 0.1318, Train Acc: 100.00%, Val Loss: 1.2804, Val Acc: 100.00%, LR: 0.000133
2025-01-22 18:57:19,447 - INFO - Epoch 14/100: Train Loss: 0.1131, Train Acc: 100.00%, Val Loss: 1.0733, Val Acc: 50.00%, LR: 0.000148
2025-01-22 18:57:20,688 - INFO - Epoch 15/100: Train Loss: 0.0506, Train Acc: 100.00%, Val Loss: 0.9289, Val Acc: 100.00%, LR: 0.000164
2025-01-22 18:57:22,085 - INFO - Epoch 16/100: Train Loss: 0.0396, Train Acc: 100.00%, Val Loss: 0.6993, Val Acc: 100.00%, LR: 0.000179
2025-01-22 18:57:23,349 - INFO - Epoch 17/100: Train Loss: 0.0203, Train Acc: 100.00%, Val Loss: 0.5143, Val Acc: 100.00%, LR: 0.000195
2025-01-22 18:57:24,676 - INFO - Epoch 18/100: Train Loss: 0.0165, Train Acc: 100.00%, Val Loss: 0.5405, Val Acc: 100.00%, LR: 0.000209
2025-01-22 18:57:26,011 - INFO - Epoch 19/100: Train Loss: 0.0160, Train Acc: 100.00%, Val Loss: 0.2721, Val Acc: 100.00%, LR: 0.000223
2025-01-22 18:57:27,380 - INFO - Epoch 20/100: Train Loss: 0.0097, Train Acc: 100.00%, Val Loss: 0.1960, Val Acc: 100.00%, LR: 0.000237
2025-01-22 18:57:28,793 - INFO - Epoch 21/100: Train Loss: 0.0084, Train Acc: 100.00%, Val Loss: 0.1008, Val Acc: 100.00%, LR: 0.000249
2025-01-22 18:57:30,142 - INFO - Epoch 22/100: Train Loss: 0.0095, Train Acc: 100.00%, Val Loss: 0.0365, Val Acc: 100.00%, LR: 0.000261
2025-01-22 18:57:31,446 - INFO - Epoch 23/100: Train Loss: 0.0075, Train Acc: 100.00%, Val Loss: 0.0358, Val Acc: 100.00%, LR: 0.000271
2025-01-22 18:57:32,764 - INFO - Epoch 24/100: Train Loss: 0.0069, Train Acc: 100.00%, Val Loss: 0.0563, Val Acc: 100.00%, LR: 0.000279
2025-01-22 18:57:34,078 - INFO - Epoch 25/100: Train Loss: 0.0064, Train Acc: 100.00%, Val Loss: 0.0337, Val Acc: 100.00%, LR: 0.000287
2025-01-22 18:57:35,333 - INFO - Epoch 26/100: Train Loss: 0.0059, Train Acc: 100.00%, Val Loss: 0.0249, Val Acc: 100.00%, LR: 0.000292
2025-01-22 18:57:36,584 - INFO - Epoch 27/100: Train Loss: 0.0075, Train Acc: 100.00%, Val Loss: 0.0120, Val Acc: 100.00%, LR: 0.000297
2025-01-22 18:57:37,862 - INFO - Epoch 28/100: Train Loss: 0.0053, Train Acc: 100.00%, Val Loss: 0.0114, Val Acc: 100.00%, LR: 0.000299
2025-01-22 18:57:39,256 - INFO - Epoch 29/100: Train Loss: 0.0066, Train Acc: 100.00%, Val Loss: 0.0047, Val Acc: 100.00%, LR: 0.000300
2025-01-22 18:57:40,583 - INFO - Epoch 30/100: Train Loss: 0.0033, Train Acc: 100.00%, Val Loss: 0.0123, Val Acc: 100.00%, LR: 0.000300
2025-01-22 18:57:41,868 - INFO - Epoch 31/100: Train Loss: 0.0037, Train Acc: 100.00%, Val Loss: 0.0048, Val Acc: 100.00%, LR: 0.000299
2025-01-22 18:57:43,174 - INFO - Epoch 32/100: Train Loss: 0.0033, Train Acc: 100.00%, Val Loss: 0.0032, Val Acc: 100.00%, LR: 0.000299
2025-01-22 18:57:44,460 - INFO - Epoch 33/100: Train Loss: 0.0035, Train Acc: 100.00%, Val Loss: 0.0032, Val Acc: 100.00%, LR: 0.000298
2025-01-22 18:57:45,774 - INFO - Epoch 34/100: Train Loss: 0.0022, Train Acc: 100.00%, Val Loss: 0.0025, Val Acc: 100.00%, LR: 0.000296
2025-01-22 18:57:47,085 - INFO - Epoch 35/100: Train Loss: 0.0029, Train Acc: 100.00%, Val Loss: 0.0090, Val Acc: 100.00%, LR: 0.000295
2025-01-22 18:57:48,435 - INFO - Epoch 36/100: Train Loss: 0.0030, Train Acc: 100.00%, Val Loss: 0.0063, Val Acc: 100.00%, LR: 0.000293
2025-01-22 18:57:49,789 - INFO - Epoch 37/100: Train Loss: 0.0025, Train Acc: 100.00%, Val Loss: 0.0063, Val Acc: 100.00%, LR: 0.000290
2025-01-22 18:57:51,120 - INFO - Epoch 38/100: Train Loss: 0.0018, Train Acc: 100.00%, Val Loss: 0.0033, Val Acc: 100.00%, LR: 0.000288
2025-01-22 18:57:52,405 - INFO - Epoch 39/100: Train Loss: 0.0022, Train Acc: 100.00%, Val Loss: 0.0088, Val Acc: 100.00%, LR: 0.000285
2025-01-22 18:57:53,714 - INFO - Epoch 40/100: Train Loss: 0.0021, Train Acc: 100.00%, Val Loss: 0.0093, Val Acc: 100.00%, LR: 0.000282
2025-01-22 18:57:55,069 - INFO - Epoch 41/100: Train Loss: 0.0027, Train Acc: 100.00%, Val Loss: 0.0180, Val Acc: 100.00%, LR: 0.000279
2025-01-22 18:57:56,397 - INFO - Epoch 42/100: Train Loss: 0.0016, Train Acc: 100.00%, Val Loss: 0.0064, Val Acc: 100.00%, LR: 0.000275
2025-01-22 18:57:57,736 - INFO - Epoch 43/100: Train Loss: 0.0026, Train Acc: 100.00%, Val Loss: 0.0028, Val Acc: 100.00%, LR: 0.000271
2025-01-22 18:57:59,041 - INFO - Epoch 44/100: Train Loss: 0.0016, Train Acc: 100.00%, Val Loss: 0.0078, Val Acc: 100.00%, LR: 0.000267
2025-01-22 18:58:00,313 - INFO - Epoch 45/100: Train Loss: 0.0016, Train Acc: 100.00%, Val Loss: 0.0094, Val Acc: 100.00%, LR: 0.000263
2025-01-22 18:58:01,646 - INFO - Epoch 46/100: Train Loss: 0.0018, Train Acc: 100.00%, Val Loss: 0.0252, Val Acc: 100.00%, LR: 0.000258
2025-01-22 18:58:02,945 - INFO - Epoch 47/100: Train Loss: 0.0020, Train Acc: 100.00%, Val Loss: 0.0020, Val Acc: 100.00%, LR: 0.000254
2025-01-22 18:58:04,230 - INFO - Epoch 48/100: Train Loss: 0.0010, Train Acc: 100.00%, Val Loss: 0.0074, Val Acc: 100.00%, LR: 0.000249
2025-01-22 18:58:05,562 - INFO - Epoch 49/100: Train Loss: 0.0018, Train Acc: 100.00%, Val Loss: 0.0062, Val Acc: 100.00%, LR: 0.000244
2025-01-22 18:58:06,860 - INFO - Epoch 50/100: Train Loss: 0.0018, Train Acc: 100.00%, Val Loss: 0.0057, Val Acc: 100.00%, LR: 0.000238
2025-01-22 18:58:08,160 - INFO - Epoch 51/100: Train Loss: 0.0014, Train Acc: 100.00%, Val Loss: 0.0092, Val Acc: 100.00%, LR: 0.000233
2025-01-22 18:58:09,466 - INFO - Epoch 52/100: Train Loss: 0.0014, Train Acc: 100.00%, Val Loss: 0.0085, Val Acc: 100.00%, LR: 0.000227
2025-01-22 18:58:10,818 - INFO - Epoch 53/100: Train Loss: 0.0012, Train Acc: 100.00%, Val Loss: 0.0259, Val Acc: 100.00%, LR: 0.000221
2025-01-22 18:58:12,141 - INFO - Epoch 54/100: Train Loss: 0.0024, Train Acc: 100.00%, Val Loss: 0.0097, Val Acc: 100.00%, LR: 0.000215
2025-01-22 18:58:13,489 - INFO - Epoch 55/100: Train Loss: 0.0017, Train Acc: 100.00%, Val Loss: 0.0078, Val Acc: 100.00%, LR: 0.000209
2025-01-22 18:58:14,751 - INFO - Epoch 56/100: Train Loss: 0.0014, Train Acc: 100.00%, Val Loss: 0.0080, Val Acc: 100.00%, LR: 0.000203
2025-01-22 18:58:16,040 - INFO - Epoch 57/100: Train Loss: 0.0013, Train Acc: 100.00%, Val Loss: 0.0039, Val Acc: 100.00%, LR: 0.000196
2025-01-22 18:58:17,327 - INFO - Epoch 58/100: Train Loss: 0.0023, Train Acc: 100.00%, Val Loss: 0.0088, Val Acc: 100.00%, LR: 0.000190
2025-01-22 18:58:18,630 - INFO - Epoch 59/100: Train Loss: 0.0022, Train Acc: 100.00%, Val Loss: 0.0054, Val Acc: 100.00%, LR: 0.000183
2025-01-22 18:58:19,916 - INFO - Epoch 60/100: Train Loss: 0.0016, Train Acc: 100.00%, Val Loss: 0.0275, Val Acc: 100.00%, LR: 0.000177
2025-01-22 18:58:21,231 - INFO - Epoch 61/100: Train Loss: 0.0011, Train Acc: 100.00%, Val Loss: 0.0135, Val Acc: 100.00%, LR: 0.000170
2025-01-22 18:58:22,544 - INFO - Epoch 62/100: Train Loss: 0.0018, Train Acc: 100.00%, Val Loss: 0.0154, Val Acc: 100.00%, LR: 0.000163
2025-01-22 18:58:23,862 - INFO - Epoch 63/100: Train Loss: 0.0015, Train Acc: 100.00%, Val Loss: 0.0285, Val Acc: 100.00%, LR: 0.000157
2025-01-22 18:58:25,164 - INFO - Epoch 64/100: Train Loss: 0.0010, Train Acc: 100.00%, Val Loss: 0.0072, Val Acc: 100.00%, LR: 0.000150
2025-01-22 18:58:26,528 - INFO - Epoch 65/100: Train Loss: 0.0020, Train Acc: 100.00%, Val Loss: 0.0093, Val Acc: 100.00%, LR: 0.000143
2025-01-22 18:58:27,840 - INFO - Epoch 66/100: Train Loss: 0.0014, Train Acc: 100.00%, Val Loss: 0.0552, Val Acc: 100.00%, LR: 0.000137
2025-01-22 18:58:29,145 - INFO - Epoch 67/100: Train Loss: 0.0013, Train Acc: 100.00%, Val Loss: 0.0094, Val Acc: 100.00%, LR: 0.000130
2025-01-22 18:58:30,487 - INFO - Epoch 68/100: Train Loss: 0.0016, Train Acc: 100.00%, Val Loss: 0.0071, Val Acc: 100.00%, LR: 0.000123
2025-01-22 18:58:31,815 - INFO - Epoch 69/100: Train Loss: 0.0009, Train Acc: 100.00%, Val Loss: 0.0173, Val Acc: 100.00%, LR: 0.000117
2025-01-22 18:58:33,107 - INFO - Epoch 70/100: Train Loss: 0.0012, Train Acc: 100.00%, Val Loss: 0.0115, Val Acc: 100.00%, LR: 0.000110
2025-01-22 18:58:34,481 - INFO - Epoch 71/100: Train Loss: 0.0019, Train Acc: 100.00%, Val Loss: 0.0337, Val Acc: 100.00%, LR: 0.000104
2025-01-22 18:58:35,790 - INFO - Epoch 72/100: Train Loss: 0.0014, Train Acc: 100.00%, Val Loss: 0.0271, Val Acc: 100.00%, LR: 0.000097
2025-01-22 18:58:37,099 - INFO - Epoch 73/100: Train Loss: 0.0013, Train Acc: 100.00%, Val Loss: 0.0127, Val Acc: 100.00%, LR: 0.000091
2025-01-22 18:58:38,395 - INFO - Epoch 74/100: Train Loss: 0.0011, Train Acc: 100.00%, Val Loss: 0.0397, Val Acc: 100.00%, LR: 0.000085
2025-01-22 18:58:39,701 - INFO - Epoch 75/100: Train Loss: 0.0014, Train Acc: 100.00%, Val Loss: 0.0110, Val Acc: 100.00%, LR: 0.000079
2025-01-22 18:58:41,061 - INFO - Epoch 76/100: Train Loss: 0.0013, Train Acc: 100.00%, Val Loss: 0.0167, Val Acc: 100.00%, LR: 0.000073
2025-01-22 18:58:42,376 - INFO - Epoch 77/100: Train Loss: 0.0014, Train Acc: 100.00%, Val Loss: 0.0099, Val Acc: 100.00%, LR: 0.000067
2025-01-22 18:58:43,666 - INFO - Epoch 78/100: Train Loss: 0.0015, Train Acc: 100.00%, Val Loss: 0.0145, Val Acc: 100.00%, LR: 0.000062
2025-01-22 18:58:44,930 - INFO - Epoch 79/100: Train Loss: 0.0013, Train Acc: 100.00%, Val Loss: 0.0232, Val Acc: 100.00%, LR: 0.000056
2025-01-22 18:58:46,283 - INFO - Epoch 80/100: Train Loss: 0.0013, Train Acc: 100.00%, Val Loss: 0.0234, Val Acc: 100.00%, LR: 0.000051
2025-01-22 18:58:47,650 - INFO - Epoch 81/100: Train Loss: 0.0013, Train Acc: 100.00%, Val Loss: 0.0175, Val Acc: 100.00%, LR: 0.000046
2025-01-22 18:58:48,955 - INFO - Epoch 82/100: Train Loss: 0.0011, Train Acc: 100.00%, Val Loss: 0.0128, Val Acc: 100.00%, LR: 0.000042
2025-01-22 18:58:50,266 - INFO - Epoch 83/100: Train Loss: 0.0017, Train Acc: 100.00%, Val Loss: 0.0262, Val Acc: 100.00%, LR: 0.000037
2025-01-22 18:58:51,556 - INFO - Epoch 84/100: Train Loss: 0.0011, Train Acc: 100.00%, Val Loss: 0.0140, Val Acc: 100.00%, LR: 0.000033
2025-01-22 18:58:52,876 - INFO - Epoch 85/100: Train Loss: 0.0012, Train Acc: 100.00%, Val Loss: 0.0211, Val Acc: 100.00%, LR: 0.000029
2025-01-22 18:58:54,178 - INFO - Epoch 86/100: Train Loss: 0.0022, Train Acc: 100.00%, Val Loss: 0.0176, Val Acc: 100.00%, LR: 0.000025
2025-01-22 18:58:55,435 - INFO - Epoch 87/100: Train Loss: 0.0008, Train Acc: 100.00%, Val Loss: 0.0098, Val Acc: 100.00%, LR: 0.000021
2025-01-22 18:58:56,792 - INFO - Epoch 88/100: Train Loss: 0.0009, Train Acc: 100.00%, Val Loss: 0.0049, Val Acc: 100.00%, LR: 0.000018
2025-01-22 18:58:58,146 - INFO - Epoch 89/100: Train Loss: 0.0013, Train Acc: 100.00%, Val Loss: 0.0144, Val Acc: 100.00%, LR: 0.000015
2025-01-22 18:58:59,462 - INFO - Epoch 90/100: Train Loss: 0.0015, Train Acc: 100.00%, Val Loss: 0.0176, Val Acc: 100.00%, LR: 0.000012
2025-01-22 18:59:00,809 - INFO - Epoch 91/100: Train Loss: 0.0014, Train Acc: 100.00%, Val Loss: 0.0243, Val Acc: 100.00%, LR: 0.000010
2025-01-22 18:59:02,088 - INFO - Epoch 92/100: Train Loss: 0.0012, Train Acc: 100.00%, Val Loss: 0.0089, Val Acc: 100.00%, LR: 0.000007
2025-01-22 18:59:03,387 - INFO - Epoch 93/100: Train Loss: 0.0017, Train Acc: 100.00%, Val Loss: 0.0077, Val Acc: 100.00%, LR: 0.000005
2025-01-22 18:59:04,763 - INFO - Epoch 94/100: Train Loss: 0.0012, Train Acc: 100.00%, Val Loss: 0.0072, Val Acc: 100.00%, LR: 0.000004
2025-01-22 18:59:06,130 - INFO - Epoch 95/100: Train Loss: 0.0006, Train Acc: 100.00%, Val Loss: 0.0066, Val Acc: 100.00%, LR: 0.000002
2025-01-22 18:59:07,468 - INFO - Epoch 96/100: Train Loss: 0.0019, Train Acc: 100.00%, Val Loss: 0.0091, Val Acc: 100.00%, LR: 0.000001
2025-01-22 18:59:08,790 - INFO - Epoch 97/100: Train Loss: 0.0009, Train Acc: 100.00%, Val Loss: 0.0189, Val Acc: 100.00%, LR: 0.000001
2025-01-22 18:59:10,090 - INFO - Epoch 98/100: Train Loss: 0.0011, Train Acc: 100.00%, Val Loss: 0.0266, Val Acc: 100.00%, LR: 0.000000
2025-01-22 18:59:11,454 - INFO - Epoch 99/100: Train Loss: 0.0010, Train Acc: 100.00%, Val Loss: 0.0256, Val Acc: 100.00%, LR: 0.000000
2025-01-22 18:59:12,763 - INFO - Epoch 100/100: Train Loss: 0.0013, Train Acc: 100.00%, Val Loss: 0.0175, Val Acc: 100.00%, LR: 0.000000
2025-01-22 19:07:39,370 - INFO - Using device: cuda
2025-01-22 19:07:39,371 - INFO - Initializing DRDataGenerator with data_dir: /home/kasinadhsarma/dr-detection/backend/train
2025-01-22 19:07:39,378 - INFO - Loaded labels_df:         filename  label
0   10_left.jpeg      0
1  10_right.jpeg      0
2   13_left.jpeg      1
3  13_right.jpeg      1
4   15_left.jpeg      2
2025-01-22 19:07:39,384 - INFO - Added image 10_left.jpeg with label 0
2025-01-22 19:07:39,385 - INFO - Added image 10_right.jpeg with label 0
2025-01-22 19:07:39,385 - INFO - Added image 13_left.jpeg with label 1
2025-01-22 19:07:39,385 - INFO - Added image 13_right.jpeg with label 1
2025-01-22 19:07:39,385 - INFO - Added image 15_left.jpeg with label 2
2025-01-22 19:07:39,386 - INFO - Added image 15_right.jpeg with label 2
2025-01-22 19:07:39,386 - INFO - Added image 16_left.jpeg with label 3
2025-01-22 19:07:39,386 - INFO - Added image 16_right.jpeg with label 3
2025-01-22 19:07:39,387 - INFO - Added image 17_left.jpeg with label 4
2025-01-22 19:07:39,387 - INFO - Added image 17_right.jpeg with label 4
2025-01-22 19:07:39,387 - INFO - Found 10 valid images
2025-01-22 19:07:39,389 - INFO - Label distribution:
0    2
1    2
2    2
3    2
4    2
Name: count, dtype: int64
2025-01-22 19:07:40,193 - ERROR - Error accessing index 10: Index 10 out of bounds for dataset of size 10
2025-01-22 19:10:32,488 - INFO - Using device: cuda
2025-01-22 19:10:32,488 - INFO - Initializing DRDataGenerator with data_dir: /home/kasinadhsarma/dr-detection/backend/train
2025-01-22 19:10:32,492 - INFO - Loaded labels_df:         filename  label
0   10_left.jpeg      0
1  10_right.jpeg      0
2   13_left.jpeg      1
3  13_right.jpeg      1
4   15_left.jpeg      2
2025-01-22 19:10:32,497 - INFO - Added image 10_left.jpeg with label 0
2025-01-22 19:10:32,498 - INFO - Added image 10_right.jpeg with label 0
2025-01-22 19:10:32,498 - INFO - Added image 13_left.jpeg with label 1
2025-01-22 19:10:32,498 - INFO - Added image 13_right.jpeg with label 1
2025-01-22 19:10:32,498 - INFO - Added image 15_left.jpeg with label 2
2025-01-22 19:10:32,498 - INFO - Added image 15_right.jpeg with label 2
2025-01-22 19:10:32,498 - INFO - Added image 16_left.jpeg with label 3
2025-01-22 19:10:32,498 - INFO - Added image 16_right.jpeg with label 3
2025-01-22 19:10:32,498 - INFO - Added image 17_left.jpeg with label 4
2025-01-22 19:10:32,498 - INFO - Added image 17_right.jpeg with label 4
2025-01-22 19:10:32,499 - INFO - Found 10 valid images
2025-01-22 19:10:32,499 - INFO - Label distribution:
0    2
1    2
2    2
3    2
4    2
Name: count, dtype: int64
2025-01-22 19:10:33,259 - ERROR - Error accessing index 10: Index 10 out of bounds for dataset of size 10
2025-01-22 19:12:02,811 - INFO - Using device: cuda
2025-01-22 19:12:02,812 - INFO - Initializing DRDataGenerator with data_dir: /home/kasinadhsarma/dr-detection/backend/train
2025-01-22 19:12:02,816 - INFO - Loaded labels_df:         filename  label
0   10_left.jpeg      0
1  10_right.jpeg      0
2   13_left.jpeg      1
3  13_right.jpeg      1
4   15_left.jpeg      2
2025-01-22 19:12:02,821 - INFO - Added image 10_left.jpeg with label 0
2025-01-22 19:12:02,821 - INFO - Added image 10_right.jpeg with label 0
2025-01-22 19:12:02,821 - INFO - Added image 13_left.jpeg with label 1
2025-01-22 19:12:02,821 - INFO - Added image 13_right.jpeg with label 1
2025-01-22 19:12:02,821 - INFO - Added image 15_left.jpeg with label 2
2025-01-22 19:12:02,821 - INFO - Added image 15_right.jpeg with label 2
2025-01-22 19:12:02,821 - INFO - Added image 16_left.jpeg with label 3
2025-01-22 19:12:02,822 - INFO - Added image 16_right.jpeg with label 3
2025-01-22 19:12:02,822 - INFO - Added image 17_left.jpeg with label 4
2025-01-22 19:12:02,822 - INFO - Added image 17_right.jpeg with label 4
2025-01-22 19:12:02,822 - INFO - Found 10 valid images
2025-01-22 19:12:02,823 - INFO - Label distribution:
0    2
1    2
2    2
3    2
4    2
Name: count, dtype: int64
2025-01-22 19:12:03,596 - ERROR - Error accessing index 10: Index 10 out of bounds for dataset of size 10
2025-01-22 19:12:05,976 - INFO - Epoch 1/100: Train Loss: 1.7281, Train Acc: 0.00%, Val Loss: 1.5869, Val Acc: 0.00%, LR: 0.000013
2025-01-22 19:12:07,289 - INFO - Epoch 2/100: Train Loss: 1.7054, Train Acc: 12.50%, Val Loss: 1.5628, Val Acc: 0.00%, LR: 0.000015
2025-01-22 19:12:08,663 - INFO - Epoch 3/100: Train Loss: 1.4745, Train Acc: 50.00%, Val Loss: 1.5697, Val Acc: 0.00%, LR: 0.000020
2025-01-22 19:12:10,005 - INFO - Epoch 4/100: Train Loss: 1.4326, Train Acc: 37.50%, Val Loss: 1.5713, Val Acc: 0.00%, LR: 0.000025
2025-01-22 19:12:11,297 - INFO - Epoch 5/100: Train Loss: 1.1751, Train Acc: 62.50%, Val Loss: 1.6001, Val Acc: 0.00%, LR: 0.000033
2025-01-22 19:12:12,628 - INFO - Epoch 6/100: Train Loss: 1.1709, Train Acc: 50.00%, Val Loss: 1.5423, Val Acc: 50.00%, LR: 0.000041
2025-01-22 19:12:13,113 - INFO - Saved new best model with validation accuracy: 50.00%
2025-01-22 19:12:14,414 - INFO - Epoch 7/100: Train Loss: 1.0362, Train Acc: 75.00%, Val Loss: 1.4559, Val Acc: 100.00%, LR: 0.000051
2025-01-22 19:12:15,943 - INFO - Saved new best model with validation accuracy: 100.00%
2025-01-22 19:12:17,309 - INFO - Epoch 8/100: Train Loss: 0.8362, Train Acc: 87.50%, Val Loss: 1.4921, Val Acc: 50.00%, LR: 0.000063
2025-01-22 19:12:25,861 - INFO - Using device: cuda
2025-01-22 19:12:25,862 - INFO - Initializing DRDataGenerator with data_dir: /home/kasinadhsarma/dr-detection/backend/train
2025-01-22 19:12:25,868 - INFO - Loaded labels_df:         filename  label
0   10_left.jpeg      0
1  10_right.jpeg      0
2   13_left.jpeg      1
3  13_right.jpeg      1
4   15_left.jpeg      2
2025-01-22 19:12:25,875 - INFO - Added image 10_left.jpeg with label 0
2025-01-22 19:12:25,876 - INFO - Added image 10_right.jpeg with label 0
2025-01-22 19:12:25,876 - INFO - Added image 13_left.jpeg with label 1
2025-01-22 19:12:25,877 - INFO - Added image 13_right.jpeg with label 1
2025-01-22 19:12:25,877 - INFO - Added image 15_left.jpeg with label 2
2025-01-22 19:12:25,877 - INFO - Added image 15_right.jpeg with label 2
2025-01-22 19:12:25,877 - INFO - Added image 16_left.jpeg with label 3
2025-01-22 19:12:25,877 - INFO - Added image 16_right.jpeg with label 3
2025-01-22 19:12:25,878 - INFO - Added image 17_left.jpeg with label 4
2025-01-22 19:12:25,878 - INFO - Added image 17_right.jpeg with label 4
2025-01-22 19:12:25,878 - INFO - Found 10 valid images
2025-01-22 19:12:25,880 - INFO - Label distribution:
0    2
1    2
2    2
3    2
4    2
Name: count, dtype: int64
2025-01-22 19:12:26,789 - ERROR - Error accessing index 10: Index 10 out of bounds for dataset of size 10
2025-01-22 19:12:29,436 - INFO - Epoch 1/100: Train Loss: 1.7124, Train Acc: 25.00%, Val Loss: 1.6436, Val Acc: 50.00%, LR: 0.000013
2025-01-22 19:12:29,971 - INFO - Saved new best model with validation accuracy: 50.00%
2025-01-22 19:12:31,511 - INFO - Epoch 2/100: Train Loss: 1.8418, Train Acc: 0.00%, Val Loss: 1.6647, Val Acc: 50.00%, LR: 0.000015
2025-01-22 19:12:32,821 - INFO - Epoch 3/100: Train Loss: 1.8613, Train Acc: 12.50%, Val Loss: 1.6940, Val Acc: 50.00%, LR: 0.000020
2025-01-22 19:12:34,157 - INFO - Epoch 4/100: Train Loss: 1.6233, Train Acc: 37.50%, Val Loss: 1.6582, Val Acc: 50.00%, LR: 0.000025
2025-01-22 19:12:35,541 - INFO - Epoch 5/100: Train Loss: 1.3204, Train Acc: 62.50%, Val Loss: 1.6260, Val Acc: 50.00%, LR: 0.000033
2025-01-22 19:12:36,892 - INFO - Epoch 6/100: Train Loss: 1.2703, Train Acc: 50.00%, Val Loss: 1.5926, Val Acc: 50.00%, LR: 0.000041
2025-01-22 19:12:38,237 - INFO - Epoch 7/100: Train Loss: 1.0560, Train Acc: 75.00%, Val Loss: 1.5954, Val Acc: 50.00%, LR: 0.000051
2025-01-22 19:12:39,538 - INFO - Epoch 8/100: Train Loss: 0.9818, Train Acc: 75.00%, Val Loss: 1.4648, Val Acc: 50.00%, LR: 0.000063
2025-01-22 19:12:40,912 - INFO - Epoch 9/100: Train Loss: 0.7745, Train Acc: 75.00%, Val Loss: 1.5170, Val Acc: 50.00%, LR: 0.000075
2025-01-22 19:12:42,241 - INFO - Epoch 10/100: Train Loss: 0.6888, Train Acc: 100.00%, Val Loss: 1.4041, Val Acc: 50.00%, LR: 0.000089
2025-01-22 19:12:43,517 - INFO - Epoch 11/100: Train Loss: 0.4682, Train Acc: 100.00%, Val Loss: 1.3640, Val Acc: 50.00%, LR: 0.000103
2025-01-22 19:12:44,853 - INFO - Epoch 12/100: Train Loss: 0.3069, Train Acc: 100.00%, Val Loss: 1.3247, Val Acc: 50.00%, LR: 0.000117
2025-01-22 19:12:46,136 - INFO - Epoch 13/100: Train Loss: 0.2269, Train Acc: 100.00%, Val Loss: 1.1750, Val Acc: 100.00%, LR: 0.000133
2025-01-22 19:12:48,232 - INFO - Saved new best model with validation accuracy: 100.00%
2025-01-22 19:12:49,606 - INFO - Epoch 14/100: Train Loss: 0.1548, Train Acc: 100.00%, Val Loss: 1.0950, Val Acc: 100.00%, LR: 0.000148
2025-01-22 19:12:50,928 - INFO - Epoch 15/100: Train Loss: 0.1139, Train Acc: 100.00%, Val Loss: 0.9057, Val Acc: 100.00%, LR: 0.000164
2025-01-22 19:12:52,275 - INFO - Epoch 16/100: Train Loss: 0.0679, Train Acc: 100.00%, Val Loss: 0.7543, Val Acc: 100.00%, LR: 0.000179
2025-01-22 19:12:53,581 - INFO - Epoch 17/100: Train Loss: 0.0291, Train Acc: 100.00%, Val Loss: 0.5802, Val Acc: 100.00%, LR: 0.000195
2025-01-22 19:12:54,879 - INFO - Epoch 18/100: Train Loss: 0.0249, Train Acc: 100.00%, Val Loss: 0.6040, Val Acc: 100.00%, LR: 0.000209
2025-01-22 19:12:56,152 - INFO - Epoch 19/100: Train Loss: 0.0277, Train Acc: 100.00%, Val Loss: 0.4627, Val Acc: 100.00%, LR: 0.000223
2025-01-22 19:12:57,446 - INFO - Epoch 20/100: Train Loss: 0.0226, Train Acc: 100.00%, Val Loss: 0.3234, Val Acc: 100.00%, LR: 0.000237
2025-01-22 19:12:58,745 - INFO - Epoch 21/100: Train Loss: 0.0130, Train Acc: 100.00%, Val Loss: 0.1638, Val Acc: 100.00%, LR: 0.000249
2025-01-22 19:13:00,124 - INFO - Epoch 22/100: Train Loss: 0.0107, Train Acc: 100.00%, Val Loss: 0.1189, Val Acc: 100.00%, LR: 0.000261
2025-01-22 19:13:01,402 - INFO - Epoch 23/100: Train Loss: 0.0076, Train Acc: 100.00%, Val Loss: 0.0917, Val Acc: 100.00%, LR: 0.000271
2025-01-22 19:13:02,689 - INFO - Epoch 24/100: Train Loss: 0.0084, Train Acc: 100.00%, Val Loss: 0.0784, Val Acc: 100.00%, LR: 0.000279
2025-01-22 19:13:03,948 - INFO - Epoch 25/100: Train Loss: 0.0065, Train Acc: 100.00%, Val Loss: 0.0376, Val Acc: 100.00%, LR: 0.000287
2025-01-22 19:13:05,252 - INFO - Epoch 26/100: Train Loss: 0.0068, Train Acc: 100.00%, Val Loss: 0.0620, Val Acc: 100.00%, LR: 0.000292
2025-01-22 19:13:06,535 - INFO - Epoch 27/100: Train Loss: 0.0047, Train Acc: 100.00%, Val Loss: 0.0366, Val Acc: 100.00%, LR: 0.000297
2025-01-22 19:13:07,838 - INFO - Epoch 28/100: Train Loss: 0.0037, Train Acc: 100.00%, Val Loss: 0.0245, Val Acc: 100.00%, LR: 0.000299
2025-01-22 19:13:09,138 - INFO - Epoch 29/100: Train Loss: 0.0045, Train Acc: 100.00%, Val Loss: 0.0121, Val Acc: 100.00%, LR: 0.000300
2025-01-22 19:13:10,459 - INFO - Epoch 30/100: Train Loss: 0.0041, Train Acc: 100.00%, Val Loss: 0.0104, Val Acc: 100.00%, LR: 0.000300
2025-01-22 19:13:11,776 - INFO - Epoch 31/100: Train Loss: 0.0045, Train Acc: 100.00%, Val Loss: 0.0127, Val Acc: 100.00%, LR: 0.000299
2025-01-22 19:13:13,069 - INFO - Epoch 32/100: Train Loss: 0.0032, Train Acc: 100.00%, Val Loss: 0.0117, Val Acc: 100.00%, LR: 0.000299
2025-01-22 19:13:14,387 - INFO - Epoch 33/100: Train Loss: 0.0044, Train Acc: 100.00%, Val Loss: 0.0155, Val Acc: 100.00%, LR: 0.000298
2025-01-22 19:13:15,648 - INFO - Epoch 34/100: Train Loss: 0.0033, Train Acc: 100.00%, Val Loss: 0.0089, Val Acc: 100.00%, LR: 0.000296
2025-01-22 19:13:16,968 - INFO - Epoch 35/100: Train Loss: 0.0046, Train Acc: 100.00%, Val Loss: 0.0094, Val Acc: 100.00%, LR: 0.000295
2025-01-22 19:13:18,342 - INFO - Epoch 36/100: Train Loss: 0.0032, Train Acc: 100.00%, Val Loss: 0.0105, Val Acc: 100.00%, LR: 0.000293
2025-01-22 19:13:19,628 - INFO - Epoch 37/100: Train Loss: 0.0042, Train Acc: 100.00%, Val Loss: 0.0049, Val Acc: 100.00%, LR: 0.000290
2025-01-22 19:13:20,943 - INFO - Epoch 38/100: Train Loss: 0.0040, Train Acc: 100.00%, Val Loss: 0.0189, Val Acc: 100.00%, LR: 0.000288
2025-01-22 19:13:22,271 - INFO - Epoch 39/100: Train Loss: 0.0034, Train Acc: 100.00%, Val Loss: 0.0038, Val Acc: 100.00%, LR: 0.000285
2025-01-22 19:13:23,555 - INFO - Epoch 40/100: Train Loss: 0.0024, Train Acc: 100.00%, Val Loss: 0.0076, Val Acc: 100.00%, LR: 0.000282
2025-01-22 19:13:24,862 - INFO - Epoch 41/100: Train Loss: 0.0023, Train Acc: 100.00%, Val Loss: 0.0068, Val Acc: 100.00%, LR: 0.000279
2025-01-22 19:13:26,172 - INFO - Epoch 42/100: Train Loss: 0.0034, Train Acc: 100.00%, Val Loss: 0.0044, Val Acc: 100.00%, LR: 0.000275
2025-01-22 19:13:27,459 - INFO - Epoch 43/100: Train Loss: 0.0027, Train Acc: 100.00%, Val Loss: 0.0245, Val Acc: 100.00%, LR: 0.000271
2025-01-22 19:13:28,684 - INFO - Epoch 44/100: Train Loss: 0.0024, Train Acc: 100.00%, Val Loss: 0.0041, Val Acc: 100.00%, LR: 0.000267
2025-01-22 19:13:30,050 - INFO - Epoch 45/100: Train Loss: 0.0025, Train Acc: 100.00%, Val Loss: 0.0269, Val Acc: 100.00%, LR: 0.000263
2025-01-22 19:13:31,359 - INFO - Epoch 46/100: Train Loss: 0.0023, Train Acc: 100.00%, Val Loss: 0.0084, Val Acc: 100.00%, LR: 0.000258
2025-01-22 19:13:32,660 - INFO - Epoch 47/100: Train Loss: 0.0018, Train Acc: 100.00%, Val Loss: 0.0041, Val Acc: 100.00%, LR: 0.000254
2025-01-22 19:13:33,994 - INFO - Epoch 48/100: Train Loss: 0.0035, Train Acc: 100.00%, Val Loss: 0.0112, Val Acc: 100.00%, LR: 0.000249
2025-01-22 19:13:35,246 - INFO - Epoch 49/100: Train Loss: 0.0024, Train Acc: 100.00%, Val Loss: 0.0060, Val Acc: 100.00%, LR: 0.000244
2025-01-22 19:13:36,523 - INFO - Epoch 50/100: Train Loss: 0.0041, Train Acc: 100.00%, Val Loss: 0.0030, Val Acc: 100.00%, LR: 0.000238
2025-01-22 19:13:37,832 - INFO - Epoch 51/100: Train Loss: 0.0021, Train Acc: 100.00%, Val Loss: 0.0037, Val Acc: 100.00%, LR: 0.000233
2025-01-22 19:13:39,127 - INFO - Epoch 52/100: Train Loss: 0.0026, Train Acc: 100.00%, Val Loss: 0.0163, Val Acc: 100.00%, LR: 0.000227
2025-01-22 19:13:40,410 - INFO - Epoch 53/100: Train Loss: 0.0020, Train Acc: 100.00%, Val Loss: 0.0054, Val Acc: 100.00%, LR: 0.000221
2025-01-22 19:13:41,733 - INFO - Epoch 54/100: Train Loss: 0.0036, Train Acc: 100.00%, Val Loss: 0.0139, Val Acc: 100.00%, LR: 0.000215
2025-01-22 19:13:42,995 - INFO - Epoch 55/100: Train Loss: 0.0015, Train Acc: 100.00%, Val Loss: 0.0082, Val Acc: 100.00%, LR: 0.000209
2025-01-22 19:13:44,336 - INFO - Epoch 56/100: Train Loss: 0.0018, Train Acc: 100.00%, Val Loss: 0.0061, Val Acc: 100.00%, LR: 0.000203
2025-01-22 19:13:45,662 - INFO - Epoch 57/100: Train Loss: 0.0023, Train Acc: 100.00%, Val Loss: 0.0058, Val Acc: 100.00%, LR: 0.000196
2025-01-22 19:13:46,947 - INFO - Epoch 58/100: Train Loss: 0.0016, Train Acc: 100.00%, Val Loss: 0.0437, Val Acc: 100.00%, LR: 0.000190
2025-01-22 19:13:48,335 - INFO - Epoch 59/100: Train Loss: 0.0018, Train Acc: 100.00%, Val Loss: 0.0114, Val Acc: 100.00%, LR: 0.000183
2025-01-22 19:13:49,675 - INFO - Epoch 60/100: Train Loss: 0.0022, Train Acc: 100.00%, Val Loss: 0.0299, Val Acc: 100.00%, LR: 0.000177
2025-01-22 19:13:51,015 - INFO - Epoch 61/100: Train Loss: 0.0018, Train Acc: 100.00%, Val Loss: 0.0196, Val Acc: 100.00%, LR: 0.000170
2025-01-22 19:13:52,328 - INFO - Epoch 62/100: Train Loss: 0.0025, Train Acc: 100.00%, Val Loss: 0.0109, Val Acc: 100.00%, LR: 0.000163
2025-01-22 19:13:53,802 - INFO - Epoch 63/100: Train Loss: 0.0022, Train Acc: 100.00%, Val Loss: 0.0095, Val Acc: 100.00%, LR: 0.000157
2025-01-22 19:13:55,189 - INFO - Epoch 64/100: Train Loss: 0.0015, Train Acc: 100.00%, Val Loss: 0.0102, Val Acc: 100.00%, LR: 0.000150
2025-01-22 19:13:56,542 - INFO - Epoch 65/100: Train Loss: 0.0013, Train Acc: 100.00%, Val Loss: 0.0206, Val Acc: 100.00%, LR: 0.000143
2025-01-22 19:13:58,024 - INFO - Epoch 66/100: Train Loss: 0.0014, Train Acc: 100.00%, Val Loss: 0.0133, Val Acc: 100.00%, LR: 0.000137
2025-01-22 19:13:59,470 - INFO - Epoch 67/100: Train Loss: 0.0012, Train Acc: 100.00%, Val Loss: 0.0126, Val Acc: 100.00%, LR: 0.000130
2025-01-22 19:14:00,847 - INFO - Epoch 68/100: Train Loss: 0.0019, Train Acc: 100.00%, Val Loss: 0.0110, Val Acc: 100.00%, LR: 0.000123
2025-01-22 19:14:02,191 - INFO - Epoch 69/100: Train Loss: 0.0014, Train Acc: 100.00%, Val Loss: 0.0130, Val Acc: 100.00%, LR: 0.000117
2025-01-22 19:14:03,541 - INFO - Epoch 70/100: Train Loss: 0.0016, Train Acc: 100.00%, Val Loss: 0.0100, Val Acc: 100.00%, LR: 0.000110
2025-01-22 19:14:04,881 - INFO - Epoch 71/100: Train Loss: 0.0022, Train Acc: 100.00%, Val Loss: 0.0221, Val Acc: 100.00%, LR: 0.000104
2025-01-22 19:14:06,158 - INFO - Epoch 72/100: Train Loss: 0.0012, Train Acc: 100.00%, Val Loss: 0.0075, Val Acc: 100.00%, LR: 0.000097
2025-01-22 19:14:07,489 - INFO - Epoch 73/100: Train Loss: 0.0016, Train Acc: 100.00%, Val Loss: 0.0098, Val Acc: 100.00%, LR: 0.000091
2025-01-22 19:14:08,837 - INFO - Epoch 74/100: Train Loss: 0.0018, Train Acc: 100.00%, Val Loss: 0.0243, Val Acc: 100.00%, LR: 0.000085
2025-01-22 19:14:10,250 - INFO - Epoch 75/100: Train Loss: 0.0013, Train Acc: 100.00%, Val Loss: 0.0075, Val Acc: 100.00%, LR: 0.000079
2025-01-22 19:14:11,560 - INFO - Epoch 76/100: Train Loss: 0.0022, Train Acc: 100.00%, Val Loss: 0.0062, Val Acc: 100.00%, LR: 0.000073
2025-01-22 19:14:12,892 - INFO - Epoch 77/100: Train Loss: 0.0020, Train Acc: 100.00%, Val Loss: 0.0159, Val Acc: 100.00%, LR: 0.000067
2025-01-22 19:14:14,177 - INFO - Epoch 78/100: Train Loss: 0.0010, Train Acc: 100.00%, Val Loss: 0.0175, Val Acc: 100.00%, LR: 0.000062
2025-01-22 19:14:15,473 - INFO - Epoch 79/100: Train Loss: 0.0016, Train Acc: 100.00%, Val Loss: 0.0407, Val Acc: 100.00%, LR: 0.000056
2025-01-22 19:14:16,759 - INFO - Epoch 80/100: Train Loss: 0.0020, Train Acc: 100.00%, Val Loss: 0.0147, Val Acc: 100.00%, LR: 0.000051
2025-01-22 19:14:18,012 - INFO - Epoch 81/100: Train Loss: 0.0015, Train Acc: 100.00%, Val Loss: 0.0065, Val Acc: 100.00%, LR: 0.000046
2025-01-22 19:14:19,303 - INFO - Epoch 82/100: Train Loss: 0.0014, Train Acc: 100.00%, Val Loss: 0.0199, Val Acc: 100.00%, LR: 0.000042
2025-01-22 19:14:20,626 - INFO - Epoch 83/100: Train Loss: 0.0016, Train Acc: 100.00%, Val Loss: 0.0035, Val Acc: 100.00%, LR: 0.000037
2025-01-22 19:14:21,943 - INFO - Epoch 84/100: Train Loss: 0.0011, Train Acc: 100.00%, Val Loss: 0.0085, Val Acc: 100.00%, LR: 0.000033
2025-01-22 19:14:23,261 - INFO - Epoch 85/100: Train Loss: 0.0014, Train Acc: 100.00%, Val Loss: 0.0143, Val Acc: 100.00%, LR: 0.000029
2025-01-22 19:14:24,656 - INFO - Epoch 86/100: Train Loss: 0.0016, Train Acc: 100.00%, Val Loss: 0.0070, Val Acc: 100.00%, LR: 0.000025
2025-01-22 19:14:25,953 - INFO - Epoch 87/100: Train Loss: 0.0016, Train Acc: 100.00%, Val Loss: 0.0112, Val Acc: 100.00%, LR: 0.000021
2025-01-22 19:14:27,260 - INFO - Epoch 88/100: Train Loss: 0.0017, Train Acc: 100.00%, Val Loss: 0.0114, Val Acc: 100.00%, LR: 0.000018
2025-01-22 19:14:28,600 - INFO - Epoch 89/100: Train Loss: 0.0011, Train Acc: 100.00%, Val Loss: 0.0042, Val Acc: 100.00%, LR: 0.000015
2025-01-22 19:14:29,899 - INFO - Epoch 90/100: Train Loss: 0.0011, Train Acc: 100.00%, Val Loss: 0.0275, Val Acc: 100.00%, LR: 0.000012
2025-01-22 19:14:31,202 - INFO - Epoch 91/100: Train Loss: 0.0009, Train Acc: 100.00%, Val Loss: 0.0153, Val Acc: 100.00%, LR: 0.000010
2025-01-22 19:14:32,475 - INFO - Epoch 92/100: Train Loss: 0.0015, Train Acc: 100.00%, Val Loss: 0.0098, Val Acc: 100.00%, LR: 0.000007
2025-01-22 19:14:33,727 - INFO - Epoch 93/100: Train Loss: 0.0020, Train Acc: 100.00%, Val Loss: 0.0101, Val Acc: 100.00%, LR: 0.000005
2025-01-22 19:14:35,036 - INFO - Epoch 94/100: Train Loss: 0.0009, Train Acc: 100.00%, Val Loss: 0.0232, Val Acc: 100.00%, LR: 0.000004
2025-01-22 19:14:36,305 - INFO - Epoch 95/100: Train Loss: 0.0015, Train Acc: 100.00%, Val Loss: 0.0057, Val Acc: 100.00%, LR: 0.000002
2025-01-22 19:14:37,616 - INFO - Epoch 96/100: Train Loss: 0.0015, Train Acc: 100.00%, Val Loss: 0.0554, Val Acc: 100.00%, LR: 0.000001
2025-01-22 19:14:38,964 - INFO - Epoch 97/100: Train Loss: 0.0012, Train Acc: 100.00%, Val Loss: 0.0103, Val Acc: 100.00%, LR: 0.000001
2025-01-22 19:14:40,327 - INFO - Epoch 98/100: Train Loss: 0.0010, Train Acc: 100.00%, Val Loss: 0.0381, Val Acc: 100.00%, LR: 0.000000
2025-01-22 19:14:41,623 - INFO - Epoch 99/100: Train Loss: 0.0022, Train Acc: 100.00%, Val Loss: 0.0079, Val Acc: 100.00%, LR: 0.000000
2025-01-22 19:14:42,934 - INFO - Epoch 100/100: Train Loss: 0.0017, Train Acc: 100.00%, Val Loss: 0.0076, Val Acc: 100.00%, LR: 0.000000
2025-01-22 19:17:10,418 - INFO - Using device: cuda
2025-01-22 19:17:10,420 - ERROR - Attempt 1 failed: Model file not found at backend/models/best_model.pth
2025-01-22 19:17:11,421 - ERROR - Attempt 2 failed: Model file not found at backend/models/best_model.pth
2025-01-22 19:17:13,424 - ERROR - Attempt 3 failed: Model file not found at backend/models/best_model.pth
2025-01-22 19:17:13,424 - ERROR - All attempts to load model failed
2025-01-22 19:17:44,786 - INFO - Using device: cuda
2025-01-22 19:17:44,788 - ERROR - Attempt 1 failed: Model file not found at backend/models/best_model.pth
2025-01-22 19:17:45,790 - ERROR - Attempt 2 failed: Model file not found at backend/models/best_model.pth
2025-01-22 19:17:47,792 - ERROR - Attempt 3 failed: Model file not found at backend/models/best_model.pth
2025-01-22 19:17:47,793 - ERROR - All attempts to load model failed
2025-01-22 19:19:12,883 - INFO - Using device: cuda
2025-01-22 19:19:12,886 - ERROR - Attempt 1 failed: Model file not found at backend/models/best_model.pth
2025-01-22 19:19:13,887 - ERROR - Attempt 2 failed: Model file not found at backend/models/best_model.pth
2025-01-22 19:19:15,889 - ERROR - Attempt 3 failed: Model file not found at backend/models/best_model.pth
2025-01-22 19:19:15,889 - ERROR - All attempts to load model failed
2025-01-22 19:20:50,705 - INFO - Using device: cuda
2025-01-22 19:22:19,976 - INFO - Using device: cuda
2025-01-22 19:24:35,243 - INFO - Using device: cuda
2025-01-22 19:24:35,997 - INFO - Client connected: raCJnbrQK6ttbvY2AAAH
2025-01-22 19:24:36,010 - INFO - Client connected: eN9XmRwcOs7OKfuYAAAI
2025-01-22 19:24:36,011 - INFO - Client connected: Lz62RNYwsWyl1hjzAAAJ
2025-01-22 19:24:36,012 - INFO - Client connected: O8-vvqLWkx9sApwLAAAK
2025-01-22 19:24:36,027 - INFO - Client connected: 2ZFdKC6XHbycSrkaAAAL
2025-01-22 19:24:36,028 - INFO - Client connected: GMk6m8sluWlQSMRnAAAM
2025-01-22 19:24:36,029 - INFO - Client connected: ycR8qtJipO9cGQ7FAAAN
2025-01-22 19:24:36,991 - INFO - Client connected: tFq9C7xygvHJVXwCAAAT
2025-01-22 19:24:36,996 - INFO - Client connected: NKoatuaRV1yIfyW3AAAU
2025-01-22 19:24:37,004 - INFO - Client connected: drQ4ymd_KkUFqYtBAAAV
2025-01-22 19:24:37,006 - INFO - Client connected: Op598y_uwmJNliA_AAAW
2025-01-22 19:24:37,007 - INFO - Client connected: IC9T6xQYrXLy8zGtAAAX
2025-01-22 19:24:37,997 - INFO - Client connected: fBVm9odA7t1e-qzhAAAb
2025-01-22 19:24:38,008 - INFO - Client connected: pNgbFgLBHmPOVPeSAAAc
2025-01-22 19:24:38,012 - INFO - Client connected: _yRjVnCiJrWpLI8uAAAd
2025-01-22 19:24:38,224 - INFO - Client connected: aWRyfwfEnIKyPkLwAAAf
2025-01-22 19:24:38,269 - INFO - Client connected: UYI59JUBLhdWh0oxAAAh
2025-01-22 19:24:38,311 - INFO - Client connected: u3h-G8JhL-kQltryAAAj
2025-01-22 19:24:38,999 - INFO - Client connected: 5r52_NM-7dUnir-rAAAr
2025-01-22 19:24:39,002 - INFO - Client connected: AcsXBqkgjHcG1yAQAAAs
2025-01-22 19:24:39,011 - INFO - Client connected: ovmNZMSnc2Z8s7SgAAAt
2025-01-22 19:24:39,018 - INFO - Client connected: _sGd9XR8KMpJatKTAAAu
2025-01-22 19:24:39,021 - INFO - Client connected: 9AfIZ4qxEXqlA10WAAAv
2025-01-22 19:24:39,029 - INFO - Client connected: MCrsgt_-y0rf2mO1AAAw
2025-01-22 19:24:39,034 - INFO - Client connected: crW6LFI6z6hAw4WPAAAx
2025-01-22 19:24:39,055 - INFO - Client connected: jqsj67g2i3ZbDsD9AAAz
2025-01-22 19:24:39,993 - INFO - Client connected: VQiWFeaKACX3MlCtAAA2
2025-01-22 19:24:39,998 - INFO - Client connected: DprDqFGFO6s931PuAAA3
2025-01-22 19:24:40,462 - INFO - Client connected: uAPq4CfDaoTc58veAAA8
2025-01-22 19:24:40,465 - INFO - Client connected: r_D8uhoKuVOF3hEoAAA9
2025-01-22 19:24:40,470 - INFO - Client connected: um-nm-1LNlHOL_6lAAA-
2025-01-22 19:24:40,476 - INFO - Client connected: kDUm37brRO7s96WLAAA_
2025-01-22 19:24:42,056 - INFO - Client connected: 3V906nkJ2as_3ITUAABC
2025-01-22 19:24:42,061 - INFO - Client connected: 8SxCdOCVJjUY_SnFAABD
2025-01-22 19:25:12,209 - INFO - Client connected: FNMhwiPEI590tmoJAABG
2025-01-22 19:25:12,211 - INFO - Client connected: ZjUS6glck7hsOQWTAABH
2025-01-22 19:25:12,265 - INFO - Client connected: j9N_EhVxkdAgRQdaAABK
2025-01-22 19:25:12,271 - INFO - Client connected: -mQSug1Zwri4QoScAABL
2025-01-22 19:25:19,593 - INFO - Client connected: JQ5Sf1726XWSIKdcAABN
2025-01-22 19:25:19,610 - INFO - Client disconnected: raCJnbrQK6ttbvY2AAAH
2025-01-22 19:25:19,611 - INFO - Client disconnected: eN9XmRwcOs7OKfuYAAAI
2025-01-22 19:25:19,613 - INFO - Client disconnected: Lz62RNYwsWyl1hjzAAAJ
2025-01-22 19:25:19,613 - INFO - Client disconnected: O8-vvqLWkx9sApwLAAAK
2025-01-22 19:25:19,613 - INFO - Client disconnected: 2ZFdKC6XHbycSrkaAAAL
2025-01-22 19:25:19,615 - INFO - Client disconnected: GMk6m8sluWlQSMRnAAAM
2025-01-22 19:25:19,615 - INFO - Client disconnected: ycR8qtJipO9cGQ7FAAAN
2025-01-22 19:25:19,616 - INFO - Client disconnected: tFq9C7xygvHJVXwCAAAT
2025-01-22 19:25:19,616 - INFO - Client disconnected: NKoatuaRV1yIfyW3AAAU
2025-01-22 19:25:19,617 - INFO - Client disconnected: drQ4ymd_KkUFqYtBAAAV
2025-01-22 19:25:19,618 - INFO - Client disconnected: Op598y_uwmJNliA_AAAW
2025-01-22 19:25:19,619 - INFO - Client disconnected: IC9T6xQYrXLy8zGtAAAX
2025-01-22 19:25:19,619 - INFO - Client disconnected: fBVm9odA7t1e-qzhAAAb
2025-01-22 19:25:19,620 - INFO - Client disconnected: pNgbFgLBHmPOVPeSAAAc
2025-01-22 19:25:19,620 - INFO - Client disconnected: _yRjVnCiJrWpLI8uAAAd
2025-01-22 19:25:19,621 - INFO - Client disconnected: 5r52_NM-7dUnir-rAAAr
2025-01-22 19:25:19,622 - INFO - Client disconnected: AcsXBqkgjHcG1yAQAAAs
2025-01-22 19:25:19,622 - INFO - Client disconnected: ovmNZMSnc2Z8s7SgAAAt
2025-01-22 19:25:19,623 - INFO - Client disconnected: _sGd9XR8KMpJatKTAAAu
2025-01-22 19:25:19,623 - INFO - Client disconnected: 9AfIZ4qxEXqlA10WAAAv
2025-01-22 19:25:19,624 - INFO - Client disconnected: MCrsgt_-y0rf2mO1AAAw
2025-01-22 19:25:19,624 - INFO - Client disconnected: crW6LFI6z6hAw4WPAAAx
2025-01-22 19:25:19,624 - INFO - Client disconnected: VQiWFeaKACX3MlCtAAA2
2025-01-22 19:25:19,624 - INFO - Client disconnected: DprDqFGFO6s931PuAAA3
2025-01-22 19:25:19,626 - INFO - Client disconnected: uAPq4CfDaoTc58veAAA8
2025-01-22 19:25:19,626 - INFO - Client disconnected: r_D8uhoKuVOF3hEoAAA9
2025-01-22 19:25:19,627 - INFO - Client disconnected: um-nm-1LNlHOL_6lAAA-
2025-01-22 19:25:19,627 - INFO - Client disconnected: kDUm37brRO7s96WLAAA_
2025-01-22 19:25:19,628 - INFO - Client disconnected: 3V906nkJ2as_3ITUAABC
2025-01-22 19:25:19,628 - INFO - Client disconnected: 8SxCdOCVJjUY_SnFAABD
2025-01-22 19:25:19,628 - INFO - Client disconnected: FNMhwiPEI590tmoJAABG
2025-01-22 19:25:19,629 - INFO - Client disconnected: ZjUS6glck7hsOQWTAABH
2025-01-22 19:25:19,629 - INFO - Client disconnected: j9N_EhVxkdAgRQdaAABK
2025-01-22 19:25:19,630 - INFO - Client disconnected: -mQSug1Zwri4QoScAABL
2025-01-22 19:25:20,278 - INFO - Client connected: GjOOIKmHceNkUb2FAABQ
2025-01-22 19:25:20,284 - INFO - Client connected: x0KxMu_RXkRlmNldAABR
2025-01-22 19:27:29,772 - INFO - Client connected: GYd4Yn02yYpHt6GoAABU
2025-01-22 19:27:29,781 - INFO - Client connected: QmnrJEwC0A37c1fqAABV
2025-01-22 19:27:29,810 - INFO - Client connected: zVIe6bU4dEKrzKKCAABY
2025-01-22 19:27:29,816 - INFO - Client connected: xPRNasrthMm_pUVJAABZ
2025-01-22 19:27:49,861 - INFO - Client connected: P-NSMZiEgNkFODG8AABc
2025-01-22 19:27:49,863 - INFO - Client connected: fEwwtB6bXaSpCOQ7AABd
2025-01-22 19:27:50,323 - INFO - Client connected: usDIJATwb1sp2ZcpAABg
2025-01-22 19:27:50,326 - INFO - Client connected: IU8H5UVfxsOUhr34AABh
2025-01-22 19:27:51,196 - INFO - Client connected: tovyFumM-Mtr2hhvAABk
2025-01-22 19:27:51,200 - INFO - Client connected: IoO6ZK3nGlOcGlpcAABl
2025-01-22 19:28:01,014 - INFO - Client connected: FqcRcx7wqqJylnoMAABo
2025-01-22 19:28:01,016 - INFO - Client connected: e5SvOmAbe1mIKNTBAABp
2025-01-22 19:28:01,050 - INFO - Client connected: u2VcRtKhZV_VwpT_AABs
2025-01-22 19:28:01,052 - INFO - Client connected: GzvsZJ7yWCVCuwmaAABt
2025-01-22 19:28:14,745 - INFO - Client connected: fapOBfVV0-thWmwYAABw
2025-01-22 19:28:14,750 - INFO - Client connected: 5kz3xagA5Ye6oxuZAABx
2025-01-22 19:28:22,057 - INFO - Client connected: ipuYguz380D5WuhUAAB0
2025-01-22 19:28:22,059 - INFO - Client connected: CCAqqUmb2xmaVAInAAB1
2025-01-22 19:28:22,098 - INFO - Client connected: VTfxTvgfXKyuzEevAAB4
2025-01-22 19:28:22,099 - INFO - Client connected: 7pg5ZLn30--nt6SYAAB5
2025-01-22 19:29:30,787 - INFO - Client connected: PmPJW0JFtHvHUToUAAB8
2025-01-22 19:29:30,805 - INFO - Client connected: wB4nCHVpKdXb3tLYAAB9
2025-01-22 19:29:41,090 - INFO - Client connected: XJ78nHscEnX-ufN-AACA
2025-01-22 19:29:41,095 - INFO - Client connected: uPi1nR5gGdQOh97jAACB
2025-01-22 19:29:41,321 - INFO - Client connected: v2aIsfddaTLw1eXpAACE
2025-01-22 19:29:41,326 - INFO - Client connected: u-O_kde31OI5IRGlAACF
2025-01-22 19:29:54,471 - INFO - Client connected: OnU4wwJy7O-iKhYbAACI
2025-01-22 19:29:54,475 - INFO - Client connected: TRt2PVfTIzfzYM9ZAACJ
2025-01-22 19:29:54,958 - INFO - Client connected: 4t3TPHSqeK-GwZVHAACM
2025-01-22 19:29:54,968 - INFO - Client connected: yabVlGlk8MfIaBP4AACN
2025-01-22 19:29:55,594 - INFO - Client connected: CbfC_JeN7kFi7QtcAACQ
2025-01-22 19:29:55,598 - INFO - Client connected: 0NiB_BXuY5AvXGvGAACR
2025-01-22 19:29:57,520 - INFO - Client connected: be7SQdjNu_m2dPhDAACU
2025-01-22 19:29:57,521 - INFO - Client connected: O4Kfg08tuTqo_BdbAACV
2025-01-22 19:29:57,812 - INFO - Client connected: jcKF_32kqemOd5sXAACY
2025-01-22 19:29:57,813 - INFO - Client connected: VdCchN1NjNGMyxLTAACZ
2025-01-22 19:29:58,616 - INFO - Client connected: BMpbI4DJbE7-VIT9AACc
2025-01-22 19:29:58,623 - INFO - Client connected: _JoZ9Rk8rQhxm0HvAACd
2025-01-22 19:30:28,265 - INFO - Client connected: 3JtCx8OHIdwj7W5nAACg
2025-01-22 19:30:28,267 - INFO - Client connected: YF4rl77eGbR3THvUAACh
2025-01-22 19:30:28,299 - INFO - Client connected: SMplABW2F2zVWI_9AACk
2025-01-22 19:30:28,301 - INFO - Client connected: OCFOI-b6jvGEGh00AACl
2025-01-22 19:31:04,971 - INFO - Client disconnected: GjOOIKmHceNkUb2FAABQ
2025-01-22 19:31:04,972 - INFO - Client disconnected: x0KxMu_RXkRlmNldAABR
2025-01-22 19:31:04,973 - INFO - Client disconnected: GYd4Yn02yYpHt6GoAABU
2025-01-22 19:31:04,974 - INFO - Client disconnected: QmnrJEwC0A37c1fqAABV
2025-01-22 19:31:04,974 - INFO - Client disconnected: zVIe6bU4dEKrzKKCAABY
2025-01-22 19:31:04,975 - INFO - Client disconnected: xPRNasrthMm_pUVJAABZ
2025-01-22 19:31:04,975 - INFO - Client disconnected: P-NSMZiEgNkFODG8AABc
2025-01-22 19:31:04,977 - INFO - Client disconnected: fEwwtB6bXaSpCOQ7AABd
2025-01-22 19:31:04,977 - INFO - Client disconnected: usDIJATwb1sp2ZcpAABg
2025-01-22 19:31:04,979 - INFO - Client disconnected: IU8H5UVfxsOUhr34AABh
2025-01-22 19:31:04,980 - INFO - Client disconnected: tovyFumM-Mtr2hhvAABk
2025-01-22 19:31:04,980 - INFO - Client disconnected: IoO6ZK3nGlOcGlpcAABl
2025-01-22 19:31:04,981 - INFO - Client disconnected: FqcRcx7wqqJylnoMAABo
2025-01-22 19:31:04,981 - INFO - Client disconnected: e5SvOmAbe1mIKNTBAABp
2025-01-22 19:31:04,982 - INFO - Client disconnected: u2VcRtKhZV_VwpT_AABs
2025-01-22 19:31:04,983 - INFO - Client disconnected: GzvsZJ7yWCVCuwmaAABt
2025-01-22 19:31:04,983 - INFO - Client disconnected: fapOBfVV0-thWmwYAABw
2025-01-22 19:31:04,983 - INFO - Client disconnected: 5kz3xagA5Ye6oxuZAABx
2025-01-22 19:31:04,983 - INFO - Client disconnected: ipuYguz380D5WuhUAAB0
2025-01-22 19:31:04,983 - INFO - Client disconnected: CCAqqUmb2xmaVAInAAB1
2025-01-22 19:31:04,984 - INFO - Client disconnected: VTfxTvgfXKyuzEevAAB4
2025-01-22 19:31:04,984 - INFO - Client disconnected: 7pg5ZLn30--nt6SYAAB5
2025-01-22 19:31:04,984 - INFO - Client disconnected: PmPJW0JFtHvHUToUAAB8
2025-01-22 19:31:04,984 - INFO - Client disconnected: wB4nCHVpKdXb3tLYAAB9
2025-01-22 19:31:04,984 - INFO - Client disconnected: XJ78nHscEnX-ufN-AACA
2025-01-22 19:31:04,985 - INFO - Client disconnected: uPi1nR5gGdQOh97jAACB
2025-01-22 19:31:04,985 - INFO - Client disconnected: v2aIsfddaTLw1eXpAACE
2025-01-22 19:31:04,986 - INFO - Client disconnected: u-O_kde31OI5IRGlAACF
2025-01-22 19:31:04,986 - INFO - Client disconnected: OnU4wwJy7O-iKhYbAACI
2025-01-22 19:31:04,986 - INFO - Client disconnected: TRt2PVfTIzfzYM9ZAACJ
2025-01-22 19:31:04,986 - INFO - Client disconnected: 4t3TPHSqeK-GwZVHAACM
2025-01-22 19:31:04,986 - INFO - Client disconnected: yabVlGlk8MfIaBP4AACN
2025-01-22 19:31:04,986 - INFO - Client disconnected: CbfC_JeN7kFi7QtcAACQ
2025-01-22 19:31:04,986 - INFO - Client disconnected: 0NiB_BXuY5AvXGvGAACR
2025-01-22 19:31:04,987 - INFO - Client disconnected: be7SQdjNu_m2dPhDAACU
2025-01-22 19:31:04,987 - INFO - Client disconnected: O4Kfg08tuTqo_BdbAACV
2025-01-22 19:31:04,988 - INFO - Client disconnected: jcKF_32kqemOd5sXAACY
2025-01-22 19:31:04,988 - INFO - Client disconnected: VdCchN1NjNGMyxLTAACZ
2025-01-22 19:31:04,988 - INFO - Client disconnected: BMpbI4DJbE7-VIT9AACc
2025-01-22 19:31:04,988 - INFO - Client disconnected: _JoZ9Rk8rQhxm0HvAACd
2025-01-22 19:31:04,988 - INFO - Client disconnected: 3JtCx8OHIdwj7W5nAACg
2025-01-22 19:31:04,988 - INFO - Client disconnected: YF4rl77eGbR3THvUAACh
2025-01-22 19:31:04,988 - INFO - Client disconnected: SMplABW2F2zVWI_9AACk
2025-01-22 19:31:04,989 - INFO - Client disconnected: OCFOI-b6jvGEGh00AACl
2025-01-22 19:32:40,041 - INFO - Client connected: yQOzWeuTy3T-k65PAACn
2025-01-22 19:32:41,032 - INFO - Client connected: ODnq3whwcly63yqZAACq
2025-01-22 19:32:41,042 - INFO - Client connected: Ht3kVO_izAJ4rbtGAACr
2025-01-22 19:32:44,433 - INFO - Client connected: gRu5IAqHgQR3nikbAACt
2025-01-22 19:32:44,442 - INFO - Client disconnected: ODnq3whwcly63yqZAACq
2025-01-22 19:32:44,443 - INFO - Client disconnected: Ht3kVO_izAJ4rbtGAACr
2025-01-22 19:32:44,856 - INFO - Client connected: 4uFVSuxKlE4yfCUNAACw
2025-01-22 19:32:44,863 - INFO - Client connected: L4NWMCVax2bNMAjsAACx
2025-01-22 19:33:08,318 - INFO - Client connected: 3h0-ELHnx_xs_d9tAAC0
2025-01-22 19:33:08,323 - INFO - Client connected: D8NzMkrXjueLQ3MgAAC1
2025-01-22 19:33:17,207 - INFO - Client connected: aGAuOnSKVQA3N4jPAAC3
2025-01-22 19:33:17,228 - INFO - Client connected: g8wah6tjpeAGByAAAAC5
2025-01-22 19:33:17,278 - INFO - Client connected: gflE57E1Y-5OVzKXAAC8
2025-01-22 19:33:17,285 - INFO - Client connected: qoi9WqLIX8RQS8nDAAC9
2025-01-22 19:33:35,371 - INFO - Client disconnected: gRu5IAqHgQR3nikbAACt
2025-01-22 19:33:35,372 - INFO - Client disconnected: yQOzWeuTy3T-k65PAACn
2025-01-22 19:33:35,373 - INFO - Client disconnected: JQ5Sf1726XWSIKdcAABN
2025-01-22 19:33:35,373 - INFO - Client disconnected: jqsj67g2i3ZbDsD9AAAz
2025-01-22 19:33:35,373 - INFO - Client disconnected: u3h-G8JhL-kQltryAAAj
2025-01-22 19:33:35,373 - INFO - Client disconnected: aWRyfwfEnIKyPkLwAAAf
2025-01-22 19:33:35,374 - INFO - Client disconnected: UYI59JUBLhdWh0oxAAAh
